<?xml version="1.0" encoding="UTF-8"?>
<!-- Generated by org.testng.reporters.JUnitReportReporter -->
<testsuite skipped="0" hostname="DESKTOP-N60QB27" name="APIs.Get3" tests="1" failures="0" timestamp="2022-10-01T15:38:33 IST" time="5.999" errors="0">
  <testcase name="t1" time="5.999" classname="APIs.Get3"/>
  <system-out/>
</testsuite> <!-- APIs.Get3 -->
