<?xml version="1.0" encoding="UTF-8"?>
<!-- Generated by org.testng.reporters.JUnitReportReporter -->
<testsuite skipped="0" hostname="DESKTOP-N60QB27" name="APIs.PutPatch" tests="1" failures="0" timestamp="2022-10-01T16:38:39 IST" time="3.446" errors="0">
  <testcase name="putTest" time="3.446" classname="APIs.PutPatch"/>
  <system-out/>
</testsuite> <!-- APIs.PutPatch -->
