<?xml version="1.0" encoding="UTF-8"?>
<!-- Generated by org.testng.reporters.JUnitReportReporter -->
<testsuite skipped="0" hostname="DESKTOP-N60QB27" name="APIs.Get1" tests="1" failures="0" timestamp="2022-10-01T15:26:08 IST" time="7.122" errors="0">
  <testcase name="t1" time="7.122" classname="APIs.Get1"/>
  <system-out/>
</testsuite> <!-- APIs.Get1 -->
