<?xml version="1.0" encoding="UTF-8"?>
<!-- Generated by org.testng.reporters.JUnitReportReporter -->
<testsuite skipped="0" hostname="DESKTOP-N60QB27" name="APIs.Get4" tests="1" failures="0" timestamp="2022-10-01T16:27:56 IST" time="4.081" errors="0">
  <testcase name="post" time="4.081" classname="APIs.Get4"/>
  <system-out/>
</testsuite> <!-- APIs.Get4 -->
