<?xml version="1.0" encoding="UTF-8"?>
<!-- Generated by org.testng.reporters.JUnitReportReporter -->
<testsuite skipped="0" hostname="DESKTOP-N60QB27" name="APIs.Delete" tests="1" failures="0" timestamp="2022-10-01T16:54:06 IST" time="4.927" errors="0">
  <testcase name="testDelete" time="4.927" classname="APIs.Delete"/>
  <system-out/>
</testsuite> <!-- APIs.Delete -->
