<?xml version="1.0" encoding="UTF-8"?>
<!-- Generated by org.testng.reporters.JUnitReportReporter -->
<testsuite skipped="0" hostname="DESKTOP-N60QB27" name="MyServer.Get" tests="1" failures="0" timestamp="2022-10-01T19:29:11 IST" time="2.060" errors="0">
  <testcase name="getTest" time="2.060" classname="MyServer.Get"/>
  <system-out/>
</testsuite> <!-- MyServer.Get -->
