<?xml version="1.0" encoding="UTF-8"?>
<!-- Generated by org.testng.reporters.JUnitReportReporter -->
<testsuite skipped="0" hostname="DESKTOP-N60QB27" name="MyServer.Post" tests="1" failures="0" timestamp="2022-10-01T19:20:49 IST" time="2.792" errors="0">
  <testcase name="postTest" time="2.792" classname="MyServer.Post"/>
  <system-out/>
</testsuite> <!-- MyServer.Post -->
