<?xml version="1.0" encoding="UTF-8"?>
<!-- Generated by org.testng.reporters.JUnitReportReporter -->
<testsuite skipped="0" hostname="DESKTOP-N60QB27" name="APIs.PutPatch2" tests="1" failures="0" timestamp="2022-10-01T16:45:39 IST" time="3.513" errors="0">
  <testcase name="patchTest" time="3.513" classname="APIs.PutPatch2"/>
  <system-out/>
</testsuite> <!-- APIs.PutPatch2 -->
